android/app/build/intermediates/manifest_merge_blame_file/debug/manifest-merger-blame-debug-report.txt
1<?xml version="1.0" encoding="utf-8"?>
2<manifest xmlns:android="http://schemas.android.com/apk/res/android"
3    package="com.besseri"
4    android:versionCode="81"
5    android:versionName="8.1" >
6
7    <uses-sdk
8        android:minSdkVersion="21"
9        android:targetSdkVersion="35" />
10
11    <uses-permission android:name="android.permission.INTERNET" />
11-->src/main/AndroidManifest.xml:3:5-67
11-->src/main/AndroidManifest.xml:3:22-64
12    <uses-permission android:name="android.permission.ACCESS_FINE_LOCATION" />
12-->src/main/AndroidManifest.xml:6:1-75
12-->src/main/AndroidManifest.xml:6:18-72
13    <uses-permission android:name="android.permission.ACCESS_COARSE_LOCATION" />
13-->src/main/AndroidManifest.xml:7:3-78
13-->src/main/AndroidManifest.xml:7:20-76
14    <uses-permission android:name="android.permission.ACCESS_NETWORK_STATE" />
14-->src/main/AndroidManifest.xml:8:3-77
14-->src/main/AndroidManifest.xml:8:20-74
15    <uses-permission android:name="android.permission.WAKE_LOCK" />
15-->src/main/AndroidManifest.xml:10:3-66
15-->src/main/AndroidManifest.xml:10:20-63
16    <uses-permission android:name="android.permission.VIBRATE" />
16-->src/main/AndroidManifest.xml:12:3-64
16-->src/main/AndroidManifest.xml:12:20-61
17    <uses-permission android:name="android.permission.RECEIVE_BOOT_COMPLETED" />
17-->src/main/AndroidManifest.xml:13:3-78
17-->src/main/AndroidManifest.xml:13:20-76
18    <uses-permission android:name="android.permission.ACCESS_WIFI_STATE" />
18-->[:react-native-community_netinfo] AndroidManifest.xml:8:5-76
18-->[:react-native-community_netinfo] AndroidManifest.xml:8:22-73
19
20    <queries>
20-->[:react-native-image-crop-picker] AndroidManifest.xml:7:5-11:15
21        <intent>
21-->[:react-native-image-crop-picker] AndroidManifest.xml:8:9-10:18
22            <action android:name="android.media.action.IMAGE_CAPTURE" />
22-->[:react-native-image-crop-picker] AndroidManifest.xml:9:13-73
22-->[:react-native-image-crop-picker] AndroidManifest.xml:9:21-70
23        </intent>
24        <!-- Added to check the default browser that will host the AuthFlow. -->
25        <intent>
25-->[com.stripe:financial-connections:20.48.6] AndroidManifest.xml:13:9-17:18
26            <action android:name="android.intent.action.VIEW" />
26-->[com.stripe:financial-connections:20.48.6] AndroidManifest.xml:14:13-65
26-->[com.stripe:financial-connections:20.48.6] AndroidManifest.xml:14:21-62
27
28            <data android:scheme="http" />
28-->[com.stripe:financial-connections:20.48.6] AndroidManifest.xml:16:13-43
28-->[com.stripe:financial-connections:20.48.6] AndroidManifest.xml:16:19-40
29        </intent> <!-- Added to check if Chrome is installed for browser-based payment authentication (e.g. 3DS1). -->
30        <package android:name="com.android.chrome" /> <!-- Needs to be explicitly declared on Android R+ -->
30-->[com.stripe:payments-core:20.48.6] AndroidManifest.xml:11:9-54
30-->[com.stripe:payments-core:20.48.6] AndroidManifest.xml:11:18-51
31        <package android:name="com.google.android.apps.maps" />
31-->[com.google.android.gms:play-services-maps:18.0.2] AndroidManifest.xml:33:9-64
31-->[com.google.android.gms:play-services-maps:18.0.2] AndroidManifest.xml:33:18-61
32    </queries>
33
34    <uses-permission android:name="android.permission.WRITE_EXTERNAL_STORAGE" />
34-->[:react-native-image-crop-picker] AndroidManifest.xml:13:5-81
34-->[:react-native-image-crop-picker] AndroidManifest.xml:13:22-78
35    <uses-permission android:name="android.permission.READ_EXTERNAL_STORAGE" />
36    <!--
37    This manifest file is used only by Gradle to configure debug-only capabilities
38    for React Native Apps.
39    -->
40    <uses-permission android:name="android.permission.SYSTEM_ALERT_WINDOW" />
40-->[com.facebook.react:react-android:0.73.2] AndroidManifest.xml:16:5-78
40-->[com.facebook.react:react-android:0.73.2] AndroidManifest.xml:16:22-75
41    <uses-permission android:name="android.permission.FOREGROUND_SERVICE" /> <!-- Required by older versions of Google Play services to create IID tokens -->
41-->[androidx.work:work-runtime:2.8.0] AndroidManifest.xml:26:5-77
41-->[androidx.work:work-runtime:2.8.0] AndroidManifest.xml:26:22-74
42    <uses-permission android:name="com.google.android.c2dm.permission.RECEIVE" />
42-->[com.google.android.gms:play-services-iid:17.0.0] AndroidManifest.xml:23:5-82
42-->[com.google.android.gms:play-services-iid:17.0.0] AndroidManifest.xml:23:22-79
43    <uses-permission android:name="android.permission.POST_NOTIFICATIONS" />
43-->[com.google.firebase:firebase-messaging:24.0.0] AndroidManifest.xml:23:5-77
43-->[com.google.firebase:firebase-messaging:24.0.0] AndroidManifest.xml:23:22-74
44
45    <uses-feature
45-->[com.google.android.gms:play-services-maps:18.0.2] AndroidManifest.xml:26:5-28:35
46        android:glEsVersion="0x00020000"
46-->[com.google.android.gms:play-services-maps:18.0.2] AndroidManifest.xml:27:9-41
47        android:required="true" />
47-->[com.google.android.gms:play-services-maps:18.0.2] AndroidManifest.xml:28:9-32
48
49    <permission
49-->[androidx.core:core:1.13.0] AndroidManifest.xml:22:5-24:47
50        android:name="com.besseri.DYNAMIC_RECEIVER_NOT_EXPORTED_PERMISSION"
50-->[androidx.core:core:1.13.0] AndroidManifest.xml:23:9-81
51        android:protectionLevel="signature" />
51-->[androidx.core:core:1.13.0] AndroidManifest.xml:24:9-44
52
53    <uses-permission android:name="com.besseri.DYNAMIC_RECEIVER_NOT_EXPORTED_PERMISSION" />
53-->[androidx.core:core:1.13.0] AndroidManifest.xml:26:5-97
53-->[androidx.core:core:1.13.0] AndroidManifest.xml:26:22-94
54    <uses-permission android:name="android.permission.USE_FULL_SCREEN_INTENT" />
54-->[app.notifee:core:202108261754] AndroidManifest.xml:16:5-81
54-->[app.notifee:core:202108261754] AndroidManifest.xml:16:22-78
55    <uses-permission android:name="android.permission.SCHEDULE_EXACT_ALARM" />
55-->[app.notifee:core:202108261754] AndroidManifest.xml:17:5-79
55-->[app.notifee:core:202108261754] AndroidManifest.xml:17:22-76
56    <uses-permission
56-->[app.notifee:core:202108261754] AndroidManifest.xml:18:5-20:38
57        android:name="android.permission.BROADCAST_CLOSE_SYSTEM_DIALOGS"
57-->[app.notifee:core:202108261754] AndroidManifest.xml:19:9-73
58        android:maxSdkVersion="30" /> <!-- For Xiaomi devices to enable heads-up notifications as default (https://github.com/invertase/notifee/issues/296) -->
58-->[app.notifee:core:202108261754] AndroidManifest.xml:20:9-35
59    <uses-permission
59-->[app.notifee:core:202108261754] AndroidManifest.xml:22:5-24:38
60        android:name="android.permission.ACCESS_NOTIFICATION_POLICY"
60-->[app.notifee:core:202108261754] AndroidManifest.xml:23:9-69
61        android:minSdkVersion="23" />
61-->[app.notifee:core:202108261754] AndroidManifest.xml:24:9-35
62    <uses-permission android:name="com.google.android.finsky.permission.BIND_GET_INSTALL_REFERRER_SERVICE" /> <!-- for android -->
62-->[com.android.installreferrer:installreferrer:1.1.2] AndroidManifest.xml:9:5-110
62-->[com.android.installreferrer:installreferrer:1.1.2] AndroidManifest.xml:9:22-107
63    <!-- <uses-permission android:name="com.android.launcher.permission.READ_SETTINGS"/> -->
64    <!-- <uses-permission android:name="com.android.launcher.permission.WRITE_SETTINGS"/> -->
65    <!-- <uses-permission android:name="com.android.launcher.permission.INSTALL_SHORTCUT" /> -->
66    <!-- <uses-permission android:name="com.android.launcher.permission.UNINSTALL_SHORTCUT" /> -->
67    <!-- for Samsung -->
68    <uses-permission android:name="com.sec.android.provider.badge.permission.READ" />
68-->[me.leolin:ShortcutBadger:1.1.22] AndroidManifest.xml:19:5-86
68-->[me.leolin:ShortcutBadger:1.1.22] AndroidManifest.xml:19:22-83
69    <uses-permission android:name="com.sec.android.provider.badge.permission.WRITE" /> <!-- for htc -->
69-->[me.leolin:ShortcutBadger:1.1.22] AndroidManifest.xml:20:5-87
69-->[me.leolin:ShortcutBadger:1.1.22] AndroidManifest.xml:20:22-84
70    <uses-permission android:name="com.htc.launcher.permission.READ_SETTINGS" />
70-->[me.leolin:ShortcutBadger:1.1.22] AndroidManifest.xml:23:5-81
70-->[me.leolin:ShortcutBadger:1.1.22] AndroidManifest.xml:23:22-78
71    <uses-permission android:name="com.htc.launcher.permission.UPDATE_SHORTCUT" /> <!-- for sony -->
71-->[me.leolin:ShortcutBadger:1.1.22] AndroidManifest.xml:24:5-83
71-->[me.leolin:ShortcutBadger:1.1.22] AndroidManifest.xml:24:22-80
72    <uses-permission android:name="com.sonyericsson.home.permission.BROADCAST_BADGE" />
72-->[me.leolin:ShortcutBadger:1.1.22] AndroidManifest.xml:27:5-88
72-->[me.leolin:ShortcutBadger:1.1.22] AndroidManifest.xml:27:22-85
73    <uses-permission android:name="com.sonymobile.home.permission.PROVIDER_INSERT_BADGE" /> <!-- for apex -->
73-->[me.leolin:ShortcutBadger:1.1.22] AndroidManifest.xml:28:5-92
73-->[me.leolin:ShortcutBadger:1.1.22] AndroidManifest.xml:28:22-89
74    <uses-permission android:name="com.anddoes.launcher.permission.UPDATE_COUNT" /> <!-- for solid -->
74-->[me.leolin:ShortcutBadger:1.1.22] AndroidManifest.xml:31:5-84
74-->[me.leolin:ShortcutBadger:1.1.22] AndroidManifest.xml:31:22-81
75    <uses-permission android:name="com.majeur.launcher.permission.UPDATE_BADGE" /> <!-- for huawei -->
75-->[me.leolin:ShortcutBadger:1.1.22] AndroidManifest.xml:34:5-83
75-->[me.leolin:ShortcutBadger:1.1.22] AndroidManifest.xml:34:22-80
76    <uses-permission android:name="com.huawei.android.launcher.permission.CHANGE_BADGE" />
76-->[me.leolin:ShortcutBadger:1.1.22] AndroidManifest.xml:37:5-91
76-->[me.leolin:ShortcutBadger:1.1.22] AndroidManifest.xml:37:22-88
77    <uses-permission android:name="com.huawei.android.launcher.permission.READ_SETTINGS" />
77-->[me.leolin:ShortcutBadger:1.1.22] AndroidManifest.xml:38:5-92
77-->[me.leolin:ShortcutBadger:1.1.22] AndroidManifest.xml:38:22-89
78    <uses-permission android:name="com.huawei.android.launcher.permission.WRITE_SETTINGS" /> <!-- for ZUK -->
78-->[me.leolin:ShortcutBadger:1.1.22] AndroidManifest.xml:39:5-93
78-->[me.leolin:ShortcutBadger:1.1.22] AndroidManifest.xml:39:22-90
79    <uses-permission android:name="android.permission.READ_APP_BADGE" /> <!-- for OPPO -->
79-->[me.leolin:ShortcutBadger:1.1.22] AndroidManifest.xml:42:5-73
79-->[me.leolin:ShortcutBadger:1.1.22] AndroidManifest.xml:42:22-70
80    <uses-permission android:name="com.oppo.launcher.permission.READ_SETTINGS" />
80-->[me.leolin:ShortcutBadger:1.1.22] AndroidManifest.xml:45:5-82
80-->[me.leolin:ShortcutBadger:1.1.22] AndroidManifest.xml:45:22-79
81    <uses-permission android:name="com.oppo.launcher.permission.WRITE_SETTINGS" /> <!-- for EvMe -->
81-->[me.leolin:ShortcutBadger:1.1.22] AndroidManifest.xml:46:5-83
81-->[me.leolin:ShortcutBadger:1.1.22] AndroidManifest.xml:46:22-80
82    <uses-permission android:name="me.everything.badger.permission.BADGE_COUNT_READ" />
82-->[me.leolin:ShortcutBadger:1.1.22] AndroidManifest.xml:49:5-88
82-->[me.leolin:ShortcutBadger:1.1.22] AndroidManifest.xml:49:22-85
83    <uses-permission android:name="me.everything.badger.permission.BADGE_COUNT_WRITE" />
83-->[me.leolin:ShortcutBadger:1.1.22] AndroidManifest.xml:50:5-89
83-->[me.leolin:ShortcutBadger:1.1.22] AndroidManifest.xml:50:22-86
84
85    <application
85-->src/main/AndroidManifest.xml:16:5-43:19
86        android:name="com.besseri.MainApplication"
86-->src/main/AndroidManifest.xml:17:7-38
87        android:allowBackup="false"
87-->src/main/AndroidManifest.xml:22:7-34
88        android:appComponentFactory="androidx.core.app.CoreComponentFactory"
88-->[androidx.core:core:1.13.0] AndroidManifest.xml:28:18-86
89        android:debuggable="true"
90        android:extractNativeLibs="true"
91        android:icon="@mipmap/ic_launcher"
91-->src/main/AndroidManifest.xml:20:7-41
92        android:label="@string/app_name"
92-->src/main/AndroidManifest.xml:19:7-39
93        android:roundIcon="@mipmap/ic_launcher_round"
93-->src/main/AndroidManifest.xml:21:7-52
94        android:theme="@style/AppTheme"
94-->src/main/AndroidManifest.xml:23:7-38
95        android:usesCleartextTraffic="true" >
95-->src/main/AndroidManifest.xml:18:7-42
96        <activity
96-->src/main/AndroidManifest.xml:24:7-35:18
97            android:name="com.besseri.MainActivity"
97-->src/main/AndroidManifest.xml:25:9-37
98            android:configChanges="keyboard|keyboardHidden|orientation|screenLayout|screenSize|smallestScreenSize|uiMode"
98-->src/main/AndroidManifest.xml:27:9-118
99            android:exported="true"
99-->src/main/AndroidManifest.xml:30:9-32
100            android:label="@string/app_name"
100-->src/main/AndroidManifest.xml:26:9-41
101            android:launchMode="singleTask"
101-->src/main/AndroidManifest.xml:28:9-40
102            android:windowSoftInputMode="adjustResize" >
102-->src/main/AndroidManifest.xml:29:9-51
103            <intent-filter>
103-->src/main/AndroidManifest.xml:31:9-34:25
104                <action android:name="android.intent.action.MAIN" />
104-->src/main/AndroidManifest.xml:32:13-65
104-->src/main/AndroidManifest.xml:32:21-62
105
106                <category android:name="android.intent.category.LAUNCHER" />
106-->src/main/AndroidManifest.xml:33:13-73
106-->src/main/AndroidManifest.xml:33:23-70
107            </intent-filter>
108        </activity>
109
110        <meta-data
110-->src/main/AndroidManifest.xml:37:9-39:64
111            android:name="com.google.android.geo.API_KEY"
111-->src/main/AndroidManifest.xml:38:7-52
112            android:value="AIzaSyAjyGdmeJ8fyRP7eKPJ2ODtF0JEbqEbw8o" /> <!-- You will also only need to add this uses-library tag -->
112-->src/main/AndroidManifest.xml:39:7-62
113        <uses-library
113-->src/main/AndroidManifest.xml:42:5-83
114            android:name="org.apache.http.legacy"
114-->src/main/AndroidManifest.xml:42:19-56
115            android:required="false" />
115-->src/main/AndroidManifest.xml:42:57-81
116
117        <provider
117-->[:notifee_react-native] AndroidManifest.xml:8:9-12:40
118            android:name="io.invertase.notifee.NotifeeInitProvider"
118-->[:notifee_react-native] AndroidManifest.xml:9:13-68
119            android:authorities="com.besseri.notifee-init-provider"
119-->[:notifee_react-native] AndroidManifest.xml:10:13-73
120            android:exported="false"
120-->[:notifee_react-native] AndroidManifest.xml:11:13-37
121            android:initOrder="-100" />
121-->[:notifee_react-native] AndroidManifest.xml:12:13-37
122
123        <service
123-->[:react-native-firebase_messaging] AndroidManifest.xml:12:9-14:40
124            android:name="io.invertase.firebase.messaging.ReactNativeFirebaseMessagingHeadlessService"
124-->[:react-native-firebase_messaging] AndroidManifest.xml:13:13-103
125            android:exported="false" />
125-->[:react-native-firebase_messaging] AndroidManifest.xml:14:13-37
126        <service
126-->[:react-native-firebase_messaging] AndroidManifest.xml:15:9-21:19
127            android:name="io.invertase.firebase.messaging.ReactNativeFirebaseMessagingService"
127-->[:react-native-firebase_messaging] AndroidManifest.xml:16:13-95
128            android:exported="false" >
128-->[:react-native-firebase_messaging] AndroidManifest.xml:17:13-37
129            <intent-filter>
129-->[:react-native-firebase_messaging] AndroidManifest.xml:18:13-20:29
130                <action android:name="com.google.firebase.MESSAGING_EVENT" />
130-->[:react-native-firebase_messaging] AndroidManifest.xml:19:17-78
130-->[:react-native-firebase_messaging] AndroidManifest.xml:19:25-75
131            </intent-filter>
132        </service>
133
134        <receiver
134-->[:react-native-firebase_messaging] AndroidManifest.xml:23:9-30:20
135            android:name="io.invertase.firebase.messaging.ReactNativeFirebaseMessagingReceiver"
135-->[:react-native-firebase_messaging] AndroidManifest.xml:24:13-96
136            android:exported="true"
136-->[:react-native-firebase_messaging] AndroidManifest.xml:25:13-36
137            android:permission="com.google.android.c2dm.permission.SEND" >
137-->[:react-native-firebase_messaging] AndroidManifest.xml:26:13-73
138            <intent-filter>
138-->[:react-native-firebase_messaging] AndroidManifest.xml:27:13-29:29
139                <action android:name="com.google.android.c2dm.intent.RECEIVE" />
139-->[:react-native-firebase_messaging] AndroidManifest.xml:28:17-81
139-->[:react-native-firebase_messaging] AndroidManifest.xml:28:25-78
140            </intent-filter>
141        </receiver>
142
143        <meta-data
143-->[:react-native-firebase_messaging] AndroidManifest.xml:32:9-34:36
144            android:name="firebase_messaging_auto_init_enabled"
144-->[:react-native-firebase_messaging] AndroidManifest.xml:33:13-64
145            android:value="true" />
145-->[:react-native-firebase_messaging] AndroidManifest.xml:34:13-33
146        <meta-data
146-->[:react-native-firebase_messaging] AndroidManifest.xml:35:9-37:32
147            android:name="com.google.firebase.messaging.default_notification_channel_id"
147-->[:react-native-firebase_messaging] AndroidManifest.xml:36:13-89
148            android:value="" />
148-->[:react-native-firebase_messaging] AndroidManifest.xml:37:13-29
149        <meta-data
149-->[:react-native-firebase_messaging] AndroidManifest.xml:38:9-40:47
150            android:name="com.google.firebase.messaging.default_notification_color"
150-->[:react-native-firebase_messaging] AndroidManifest.xml:39:13-84
151            android:resource="@color/white" />
151-->[:react-native-firebase_messaging] AndroidManifest.xml:40:13-44
152        <meta-data
152-->[:react-native-firebase_app] AndroidManifest.xml:9:9-11:36
153            android:name="app_data_collection_default_enabled"
153-->[:react-native-firebase_app] AndroidManifest.xml:10:13-63
154            android:value="true" />
154-->[:react-native-firebase_app] AndroidManifest.xml:11:13-33
155
156        <service
156-->[:react-native-firebase_app] AndroidManifest.xml:13:9-21:19
157            android:name="com.google.firebase.components.ComponentDiscoveryService"
157-->[:react-native-firebase_app] AndroidManifest.xml:14:13-84
158            android:directBootAware="true"
158-->[:react-native-firebase_app] AndroidManifest.xml:15:13-43
159            android:exported="false" >
159-->[:react-native-firebase_app] AndroidManifest.xml:16:13-37
160            <meta-data
160-->[:react-native-firebase_app] AndroidManifest.xml:18:13-20:85
161                android:name="com.google.firebase.components:io.invertase.firebase.app.ReactNativeFirebaseAppRegistrar"
161-->[:react-native-firebase_app] AndroidManifest.xml:19:17-120
162                android:value="com.google.firebase.components.ComponentRegistrar" />
162-->[:react-native-firebase_app] AndroidManifest.xml:20:17-82
163            <meta-data
163-->[com.google.firebase:firebase-messaging:24.0.0] AndroidManifest.xml:57:13-59:85
164                android:name="com.google.firebase.components:com.google.firebase.messaging.FirebaseMessagingKtxRegistrar"
164-->[com.google.firebase:firebase-messaging:24.0.0] AndroidManifest.xml:58:17-122
165                android:value="com.google.firebase.components.ComponentRegistrar" />
165-->[com.google.firebase:firebase-messaging:24.0.0] AndroidManifest.xml:59:17-82
166            <meta-data
166-->[com.google.firebase:firebase-messaging:24.0.0] AndroidManifest.xml:60:13-62:85
167                android:name="com.google.firebase.components:com.google.firebase.messaging.FirebaseMessagingRegistrar"
167-->[com.google.firebase:firebase-messaging:24.0.0] AndroidManifest.xml:61:17-119
168                android:value="com.google.firebase.components.ComponentRegistrar" />
168-->[com.google.firebase:firebase-messaging:24.0.0] AndroidManifest.xml:62:17-82
169            <meta-data
169-->[com.google.firebase:firebase-installations:18.0.0] AndroidManifest.xml:15:13-17:85
170                android:name="com.google.firebase.components:com.google.firebase.installations.FirebaseInstallationsKtxRegistrar"
170-->[com.google.firebase:firebase-installations:18.0.0] AndroidManifest.xml:16:17-130
171                android:value="com.google.firebase.components.ComponentRegistrar" />
171-->[com.google.firebase:firebase-installations:18.0.0] AndroidManifest.xml:17:17-82
172            <meta-data
172-->[com.google.firebase:firebase-installations:18.0.0] AndroidManifest.xml:18:13-20:85
173                android:name="com.google.firebase.components:com.google.firebase.installations.FirebaseInstallationsRegistrar"
173-->[com.google.firebase:firebase-installations:18.0.0] AndroidManifest.xml:19:17-127
174                android:value="com.google.firebase.components.ComponentRegistrar" />
174-->[com.google.firebase:firebase-installations:18.0.0] AndroidManifest.xml:20:17-82
175            <meta-data
175-->[com.google.firebase:firebase-common-ktx:21.0.0] AndroidManifest.xml:12:13-14:85
176                android:name="com.google.firebase.components:com.google.firebase.ktx.FirebaseCommonLegacyRegistrar"
176-->[com.google.firebase:firebase-common-ktx:21.0.0] AndroidManifest.xml:13:17-116
177                android:value="com.google.firebase.components.ComponentRegistrar" />
177-->[com.google.firebase:firebase-common-ktx:21.0.0] AndroidManifest.xml:14:17-82
178            <meta-data
178-->[com.google.firebase:firebase-common:21.0.0] AndroidManifest.xml:35:13-37:85
179                android:name="com.google.firebase.components:com.google.firebase.FirebaseCommonKtxRegistrar"
179-->[com.google.firebase:firebase-common:21.0.0] AndroidManifest.xml:36:17-109
180                android:value="com.google.firebase.components.ComponentRegistrar" />
180-->[com.google.firebase:firebase-common:21.0.0] AndroidManifest.xml:37:17-82
181            <meta-data
181-->[com.google.firebase:firebase-datatransport:18.2.0] AndroidManifest.xml:25:13-27:85
182                android:name="com.google.firebase.components:com.google.firebase.datatransport.TransportRegistrar"
182-->[com.google.firebase:firebase-datatransport:18.2.0] AndroidManifest.xml:26:17-115
183                android:value="com.google.firebase.components.ComponentRegistrar" />
183-->[com.google.firebase:firebase-datatransport:18.2.0] AndroidManifest.xml:27:17-82
184        </service>
185
186        <provider
186-->[:react-native-firebase_app] AndroidManifest.xml:23:9-27:38
187            android:name="io.invertase.firebase.app.ReactNativeFirebaseAppInitProvider"
187-->[:react-native-firebase_app] AndroidManifest.xml:24:13-88
188            android:authorities="com.besseri.reactnativefirebaseappinitprovider"
188-->[:react-native-firebase_app] AndroidManifest.xml:25:13-86
189            android:exported="false"
189-->[:react-native-firebase_app] AndroidManifest.xml:26:13-37
190            android:initOrder="99" />
190-->[:react-native-firebase_app] AndroidManifest.xml:27:13-35
191        <provider
191-->[:react-native-image-crop-picker] AndroidManifest.xml:16:9-24:20
192            android:name="androidx.core.content.FileProvider"
192-->[:react-native-image-crop-picker] AndroidManifest.xml:17:13-62
193            android:authorities="com.besseri.provider"
193-->[:react-native-image-crop-picker] AndroidManifest.xml:18:13-60
194            android:exported="false"
194-->[:react-native-image-crop-picker] AndroidManifest.xml:19:13-37
195            android:grantUriPermissions="true" >
195-->[:react-native-image-crop-picker] AndroidManifest.xml:20:13-47
196            <meta-data
196-->[:react-native-image-crop-picker] AndroidManifest.xml:21:13-23:58
197                android:name="android.support.FILE_PROVIDER_PATHS"
197-->[:react-native-image-crop-picker] AndroidManifest.xml:22:17-67
198                android:resource="@xml/provider_paths" />
198-->[:react-native-image-crop-picker] AndroidManifest.xml:23:17-55
199        </provider>
200
201        <activity
201-->[:react-native-image-crop-picker] AndroidManifest.xml:26:9-28:72
202            android:name="com.yalantis.ucrop.UCropActivity"
202-->[:react-native-image-crop-picker] AndroidManifest.xml:27:13-60
203            android:theme="@style/Theme.AppCompat.Light.NoActionBar" />
203-->[:react-native-image-crop-picker] AndroidManifest.xml:28:13-69
204        <activity
204-->[com.facebook.react:react-android:0.73.2] AndroidManifest.xml:19:9-21:40
205            android:name="com.facebook.react.devsupport.DevSettingsActivity"
205-->[com.facebook.react:react-android:0.73.2] AndroidManifest.xml:20:13-77
206            android:exported="false" />
206-->[com.facebook.react:react-android:0.73.2] AndroidManifest.xml:21:13-37
207        <activity
207-->[com.stripe:financial-connections:20.48.6] AndroidManifest.xml:21:9-65:20
208            android:name="com.stripe.android.financialconnections.FinancialConnectionsSheetRedirectActivity"
208-->[com.stripe:financial-connections:20.48.6] AndroidManifest.xml:22:13-109
209            android:exported="true"
209-->[com.stripe:financial-connections:20.48.6] AndroidManifest.xml:23:13-36
210            android:launchMode="singleTask" >
210-->[com.stripe:financial-connections:20.48.6] AndroidManifest.xml:24:13-44
211            <intent-filter>
211-->[com.stripe:financial-connections:20.48.6] AndroidManifest.xml:25:13-64:29
212                <action android:name="android.intent.action.VIEW" />
212-->[com.stripe:financial-connections:20.48.6] AndroidManifest.xml:14:13-65
212-->[com.stripe:financial-connections:20.48.6] AndroidManifest.xml:14:21-62
213
214                <category android:name="android.intent.category.DEFAULT" />
214-->[com.stripe:financial-connections:20.48.6] AndroidManifest.xml:28:17-76
214-->[com.stripe:financial-connections:20.48.6] AndroidManifest.xml:28:27-73
215                <category android:name="android.intent.category.BROWSABLE" />
215-->[com.stripe:financial-connections:20.48.6] AndroidManifest.xml:29:17-78
215-->[com.stripe:financial-connections:20.48.6] AndroidManifest.xml:29:27-75
216
217                <!-- Returning from app2app: return_url is triggered to reopen web AuthFlow and poll accounts. -->
218                <data
218-->[com.stripe:financial-connections:20.48.6] AndroidManifest.xml:16:13-43
219                    android:host="link-accounts"
220                    android:pathPrefix="/com.besseri/authentication_return"
221                    android:scheme="stripe-auth" />
221-->[com.stripe:financial-connections:20.48.6] AndroidManifest.xml:16:19-40
222
223                <!-- Returning from app2app: return_url is triggered to reopen native AuthFlow and poll accounts. -->
224                <data
224-->[com.stripe:financial-connections:20.48.6] AndroidManifest.xml:16:13-43
225                    android:host="link-native-accounts"
226                    android:pathPrefix="/com.besseri/authentication_return"
227                    android:scheme="stripe-auth" />
227-->[com.stripe:financial-connections:20.48.6] AndroidManifest.xml:16:19-40
228
229                <!-- End of web AuthFlow success and cancel URIs that begin with "stripe-auth://link-accounts/{app-id}/...” -->
230                <data
230-->[com.stripe:financial-connections:20.48.6] AndroidManifest.xml:16:13-43
231                    android:host="link-accounts"
232                    android:path="/com.besseri/success"
233                    android:scheme="stripe-auth" />
233-->[com.stripe:financial-connections:20.48.6] AndroidManifest.xml:16:19-40
234                <data
234-->[com.stripe:financial-connections:20.48.6] AndroidManifest.xml:16:13-43
235                    android:host="link-accounts"
236                    android:path="/com.besseri/cancel"
237                    android:scheme="stripe-auth" />
237-->[com.stripe:financial-connections:20.48.6] AndroidManifest.xml:16:19-40
238
239                <!-- Opening app2app: Web flow triggers stripe-auth://native-redirect/{app-id}/http://web-that-redirects-to-native -->
240                <data
240-->[com.stripe:financial-connections:20.48.6] AndroidManifest.xml:16:13-43
241                    android:host="native-redirect"
242                    android:pathPrefix="/com.besseri"
243                    android:scheme="stripe-auth" />
243-->[com.stripe:financial-connections:20.48.6] AndroidManifest.xml:16:19-40
244
245                <!-- Accepts success/cancel/fail URIs that begin with "stripe://auth-redirect” -->
246                <data
246-->[com.stripe:financial-connections:20.48.6] AndroidManifest.xml:16:13-43
247                    android:host="auth-redirect"
248                    android:pathPrefix="/com.besseri"
249                    android:scheme="stripe" />
249-->[com.stripe:financial-connections:20.48.6] AndroidManifest.xml:16:19-40
250            </intent-filter>
251        </activity>
252        <activity
252-->[com.stripe:financial-connections:20.48.6] AndroidManifest.xml:66:9-69:77
253            android:name="com.stripe.android.financialconnections.FinancialConnectionsSheetActivity"
253-->[com.stripe:financial-connections:20.48.6] AndroidManifest.xml:67:13-101
254            android:exported="false"
254-->[com.stripe:financial-connections:20.48.6] AndroidManifest.xml:68:13-37
255            android:theme="@style/StripeFinancialConnectionsDefaultTheme" />
255-->[com.stripe:financial-connections:20.48.6] AndroidManifest.xml:69:13-74
256        <activity
256-->[com.stripe:financial-connections:20.48.6] AndroidManifest.xml:70:9-74:58
257            android:name="com.stripe.android.financialconnections.ui.FinancialConnectionsSheetNativeActivity"
257-->[com.stripe:financial-connections:20.48.6] AndroidManifest.xml:71:13-110
258            android:exported="false"
258-->[com.stripe:financial-connections:20.48.6] AndroidManifest.xml:72:13-37
259            android:theme="@style/StripeFinancialConnectionsDefaultTheme"
259-->[com.stripe:financial-connections:20.48.6] AndroidManifest.xml:73:13-74
260            android:windowSoftInputMode="adjustResize" />